<?xml version="1.0" encoding="UTF-8"?>
<coverage branch-rate="0.6667" line-rate="0.8571" timestamp="1700000000" version="7.3.2">
  <sources>
    <source>/Users/efan404/Codes/courses/CityU_CS5351/LLT-Assistant-VSCode/test_coverage_project</source>
  </sources>
  <packages>
    <package branch-rate="0.6667" complexity="0" line-rate="0.8571" name=".">
      <classes>
        <class branch-rate="0.6667" complexity="0" filename="src/simple_math.py" line-rate="0.8571" name="simple_math.py">
          <methods/>
          <lines>
            <line hits="1" number="1"/>
            <line hits="1" number="2"/>
            <line hits="1" number="3"/>
            <line hits="1" number="4"/>
            <line hits="1" number="6"/>
            <line hits="1" number="7"/>
            <line hits="1" number="8"/>
            <line hits="0" number="9"/>
            <line hits="1" number="11"/>
            <line hits="1" number="12"/>
            <line hits="1" number="13"/>
            <line hits="1" number="14"/>
            <line hits="0" number="15"/>
            <line hits="0" number="16"/>
            <line hits="1" number="18"/>
            <line hits="1" number="19"/>
            <line hits="1" number="20"/>
            <line hits="0" number="21"/>
            <line hits="1" number="22"/>
          </lines>
        </class>
      </classes>
    </package>
  </packages>
</coverage>